INFO:__main__:Build Date = 2025-10-01 11:30:46.115295
INFO:__main__:Generated by: mattb5280/python/xrf-docs/xrfdocs.py
DEBUG:urllib3.connectionpool:Starting new HTTPS connection (1): gitlab.elkengineering.net:443
DEBUG:urllib3.connectionpool:https://gitlab.elkengineering.net:443 "GET /api/v4/projects?search=Tutorial HTTP/1.1" 200 None
DEBUG:urllib3.connectionpool:https://gitlab.elkengineering.net:443 "GET /api/v4/projects/29/repository/files/Getting_Started.pdf/raw?ref=master HTTP/1.1" 200 1399581
INFO:__main__:_____________________________________________
INFO:__main__:TOP_FOLDER: Tria_XRF8_DeepDive_20251001
INFO:__main__:_____________________________________________
INFO:__main__:ADDED: readme.md
INFO:__main__:ADDED: Tria XRF - AMD RFSoC module - Deep Dive.pdf
INFO:__main__:ADDED: Tria XRF Required Accessories.pdf
INFO:__main__:ADDED: Tria_XRF8_Carrier_Card_Product_Brief.pdf
INFO:__main__:ADDED: Tria_XRF8_Gen3_SOM_Product_Brief.pdf
INFO:__main__:ZIPPED: C:/Users/027419/Avnet/Engineering & Technology 5G-DSP - Documents/XRF/Customer Pre-sales Support/Files\Tria_XRF8_DeepDive_20251001.zip
INFO:__main__:_____________________________________________
INFO:__main__:TOP_FOLDER: Tria_XRF16_DeepDive_20251001
INFO:__main__:_____________________________________________
INFO:__main__:ADDED: readme.md
INFO:__main__:ADDED: Tria XRF - AMD RFSoC module - Deep Dive.pdf
INFO:__main__:ADDED: Tria XRF Required Accessories.pdf
INFO:__main__:ADDED: Tria_XRF16_Carrier_Card_Product_Brief.pdf
INFO:__main__:ADDED: Tria_XRF16_Gen3_SOM_Product_Brief.pdf
INFO:__main__:ZIPPED: C:/Users/027419/Avnet/Engineering & Technology 5G-DSP - Documents/XRF/Customer Pre-sales Support/Files\Tria_XRF16_DeepDive_20251001.zip
INFO:__main__:_____________________________________________
INFO:__main__:TOP_FOLDER: Tria_XRF8_TechPackage_20251001
INFO:__main__:_____________________________________________
INFO:__main__:ADDED: \readme.md
INFO:__main__:ADDED: \Tria XRF - AMD RFSoC module - Deep Dive.pdf
INFO:__main__:ADDED: \Tria XRF Getting Started Guide.pdf
INFO:__main__:ADDED: \Tria XRF Quick Start Card.pdf
INFO:__main__:ADDED: \Tria XRF Required Accessories.pdf
INFO:__main__:ADDED: \Tria_XRF8_Carrier_Card_Product_Brief.pdf
INFO:__main__:ADDED: \Tria_XRF8_Gen3_SOM_Product_Brief.pdf
INFO:__main__:ADDED: \XRF8 Carrier (AES-XRF8-CC-G)
INFO:__main__:ADDED: \XRF8 SOM (AES-XRF8-ZU47-G)
INFO:__main__:ADDED: \XRF8 Carrier (AES-XRF8-CC-G)\Hardware
INFO:__main__:ADDED: \XRF8 Carrier (AES-XRF8-CC-G)\Hardware\docs
INFO:__main__:ADDED: \XRF8 Carrier (AES-XRF8-CC-G)\Hardware\Mechanical
INFO:__main__:ADDED: \XRF8 Carrier (AES-XRF8-CC-G)\Hardware\Schematic
INFO:__main__:ADDED: \XRF8 Carrier (AES-XRF8-CC-G)\Hardware\docs\DAQ8 Carrier Hardware Manual.pdf
INFO:__main__:ADDED: \XRF8 Carrier (AES-XRF8-CC-G)\Hardware\docs\DAQ8CarrierPowerCableAdapter.pdf
INFO:__main__:ADDED: \XRF8 Carrier (AES-XRF8-CC-G)\Hardware\Mechanical\Daq 8 Full Assy.pdf
INFO:__main__:ADDED: \XRF8 Carrier (AES-XRF8-CC-G)\Hardware\Mechanical\DAQ8 CARRIER & DAQ8 SOM
INFO:__main__:ADDED: \XRF8 Carrier (AES-XRF8-CC-G)\Hardware\Mechanical\DAQ8 FULL ASSY.PDF
INFO:__main__:ADDED: \XRF8 Carrier (AES-XRF8-CC-G)\Hardware\Mechanical\DAQ8 CARRIER & DAQ8 SOM\DAQ8 FULL ASSY.PDF
INFO:__main__:ADDED: \XRF8 Carrier (AES-XRF8-CC-G)\Hardware\Schematic\Rev A
INFO:__main__:ADDED: \XRF8 Carrier (AES-XRF8-CC-G)\Hardware\Schematic\REV B
INFO:__main__:ADDED: \XRF8 Carrier (AES-XRF8-CC-G)\Hardware\Schematic\Rev A\024000011A.PDF
INFO:__main__:ADDED: \XRF8 Carrier (AES-XRF8-CC-G)\Hardware\Schematic\REV B\024000011B.PDF
INFO:__main__:ADDED: \XRF8 SOM (AES-XRF8-ZU47-G)\Characterization
INFO:__main__:ADDED: \XRF8 SOM (AES-XRF8-ZU47-G)\Firmware
INFO:__main__:ADDED: \XRF8 SOM (AES-XRF8-ZU47-G)\Hardware
INFO:__main__:ADDED: \XRF8 SOM (AES-XRF8-ZU47-G)\Software
INFO:__main__:ADDED: \XRF8 SOM (AES-XRF8-ZU47-G)\Characterization\DAQ8Carrier VNA Loss Analysis1.pdf
INFO:__main__:ADDED: \XRF8 SOM (AES-XRF8-ZU47-G)\Characterization\DAQ8_Characterization.pdf
INFO:__main__:ADDED: \XRF8 SOM (AES-XRF8-ZU47-G)\Characterization\DAQ8_IBERT.pdf
INFO:__main__:ADDED: \XRF8 SOM (AES-XRF8-ZU47-G)\Characterization\InsertionLosses.pdf
INFO:__main__:ADDED: \XRF8 SOM (AES-XRF8-ZU47-G)\Firmware\docs
INFO:__main__:ADDED: \XRF8 SOM (AES-XRF8-ZU47-G)\Firmware\docs\DAQ8_firmware_ug.pdf
INFO:__main__:ADDED: \XRF8 SOM (AES-XRF8-ZU47-G)\Firmware\docs\DAQ_mem_map.pdf
INFO:__main__:ADDED: \XRF8 SOM (AES-XRF8-ZU47-G)\Hardware\docs
INFO:__main__:ADDED: \XRF8 SOM (AES-XRF8-ZU47-G)\Hardware\Mechanical
INFO:__main__:ADDED: \XRF8 SOM (AES-XRF8-ZU47-G)\Hardware\docs\DAQ8 Hardware Manual.pdf
INFO:__main__:ADDED: \XRF8 SOM (AES-XRF8-ZU47-G)\Hardware\docs\XRF8_device_specifications.pdf
INFO:__main__:ADDED: \XRF8 SOM (AES-XRF8-ZU47-G)\Hardware\Mechanical\SOM
INFO:__main__:ADDED: \XRF8 SOM (AES-XRF8-ZU47-G)\Hardware\Mechanical\SOM\DAQ 8 PACKAGE DIM A.pdf
INFO:__main__:ADDED: \XRF8 SOM (AES-XRF8-ZU47-G)\Software\docs
INFO:__main__:ADDED: \XRF8 SOM (AES-XRF8-ZU47-G)\Software\docs\CommArchitecture.pdf
INFO:__main__:ADDED: \XRF8 SOM (AES-XRF8-ZU47-G)\Software\docs\DAQ8AvalonReference.pdf
INFO:__main__:ADDED: \XRF8 SOM (AES-XRF8-ZU47-G)\Software\docs\DAQ8AvalonUserGuide.pdf
INFO:__main__:ZIPPED: C:/Users/027419/Avnet/Engineering & Technology 5G-DSP - Documents/XRF/Customer Pre-sales Support/Files\Tria_XRF8_TechPackage_20251001.zip
INFO:__main__:_____________________________________________
INFO:__main__:TOP_FOLDER: Tria_XRF16_TechPackage_20251001
INFO:__main__:_____________________________________________
INFO:__main__:ADDED: \readme.md
INFO:__main__:ADDED: \Tria XRF - AMD RFSoC module - Deep Dive.pdf
INFO:__main__:ADDED: \Tria XRF Getting Started Guide.pdf
INFO:__main__:ADDED: \Tria XRF Quick Start Card.pdf
INFO:__main__:ADDED: \Tria XRF Required Accessories.pdf
INFO:__main__:ADDED: \Tria_XRF16_Carrier_Card_Product_Brief.pdf
INFO:__main__:ADDED: \Tria_XRF16_Gen3_SOM_Product_Brief.pdf
INFO:__main__:ADDED: \XRF16 Carrier (AES-XRF16-CC-G-D)
INFO:__main__:ADDED: \XRF16 SOM (AES-XRF16-ZU49-G)
INFO:__main__:ADDED: \XRF16 Carrier (AES-XRF16-CC-G-D)\Hardware
INFO:__main__:ADDED: \XRF16 Carrier (AES-XRF16-CC-G-D)\Hardware\docs
INFO:__main__:ADDED: \XRF16 Carrier (AES-XRF16-CC-G-D)\Hardware\Mechanical
INFO:__main__:ADDED: \XRF16 Carrier (AES-XRF16-CC-G-D)\Hardware\Schematic
INFO:__main__:ADDED: \XRF16 Carrier (AES-XRF16-CC-G-D)\Hardware\docs\DAQ Carrier Hardware Manual.pdf
INFO:__main__:ADDED: \XRF16 Carrier (AES-XRF16-CC-G-D)\Hardware\Mechanical\Daq 16 Full Assy.PDF
INFO:__main__:ADDED: \XRF16 Carrier (AES-XRF16-CC-G-D)\Hardware\Mechanical\RevB
INFO:__main__:ADDED: \XRF16 Carrier (AES-XRF16-CC-G-D)\Hardware\Mechanical\RevB\SOM CARRIER PACKAGE DIM.PDF
INFO:__main__:ADDED: \XRF16 Carrier (AES-XRF16-CC-G-D)\Hardware\Schematic\024000006A_SCH.PDF
INFO:__main__:ADDED: \XRF16 Carrier (AES-XRF16-CC-G-D)\Hardware\Schematic\024000006C-0.PDF
INFO:__main__:ADDED: \XRF16 Carrier (AES-XRF16-CC-G-D)\Hardware\Schematic\024000006C-1.PDF
INFO:__main__:ADDED: \XRF16 Carrier (AES-XRF16-CC-G-D)\Hardware\Schematic\024000006D-0.PDF
INFO:__main__:ADDED: \XRF16 Carrier (AES-XRF16-CC-G-D)\Hardware\Schematic\024000006D-1.PDF
INFO:__main__:ADDED: \XRF16 SOM (AES-XRF16-ZU49-G)\Characterization
INFO:__main__:ADDED: \XRF16 SOM (AES-XRF16-ZU49-G)\Firmware
INFO:__main__:ADDED: \XRF16 SOM (AES-XRF16-ZU49-G)\Hardware
INFO:__main__:ADDED: \XRF16 SOM (AES-XRF16-ZU49-G)\Software
INFO:__main__:ADDED: \XRF16 SOM (AES-XRF16-ZU49-G)\Characterization\IBERT_testing.pdf
INFO:__main__:ADDED: \XRF16 SOM (AES-XRF16-ZU49-G)\Characterization\InsertionLosses.pdf
INFO:__main__:ADDED: \XRF16 SOM (AES-XRF16-ZU49-G)\Firmware\docs
INFO:__main__:ADDED: \XRF16 SOM (AES-XRF16-ZU49-G)\Firmware\docs\RTX16_firmware_ug.pdf
INFO:__main__:ADDED: \XRF16 SOM (AES-XRF16-ZU49-G)\Firmware\docs\RTX16_mem_map.pdf
INFO:__main__:ADDED: \XRF16 SOM (AES-XRF16-ZU49-G)\Hardware\docs
INFO:__main__:ADDED: \XRF16 SOM (AES-XRF16-ZU49-G)\Hardware\Mechanical
INFO:__main__:ADDED: \XRF16 SOM (AES-XRF16-ZU49-G)\Hardware\docs\RTX16 Hardware Manual.pdf
INFO:__main__:ADDED: \XRF16 SOM (AES-XRF16-ZU49-G)\Hardware\docs\RTX16_device_specifications.pdf
INFO:__main__:ADDED: \XRF16 SOM (AES-XRF16-ZU49-G)\Hardware\Mechanical\SOM
INFO:__main__:ADDED: \XRF16 SOM (AES-XRF16-ZU49-G)\Hardware\Mechanical\SOM\RTX 16 PACKAGE DIM A.pdf
INFO:__main__:ADDED: \XRF16 SOM (AES-XRF16-ZU49-G)\Software\docs
INFO:__main__:ADDED: \XRF16 SOM (AES-XRF16-ZU49-G)\Software\docs\CommArchitecture.pdf
INFO:__main__:ADDED: \XRF16 SOM (AES-XRF16-ZU49-G)\Software\docs\RTX16AvalonReference.pdf
INFO:__main__:ADDED: \XRF16 SOM (AES-XRF16-ZU49-G)\Software\docs\RTX16AvalonUserGuide.pdf
INFO:__main__:ZIPPED: C:/Users/027419/Avnet/Engineering & Technology 5G-DSP - Documents/XRF/Customer Pre-sales Support/Files\Tria_XRF16_TechPackage_20251001.zip
